12:14:50 **** Rebuild of configuration Debug for project Students_Data ****
Info: Internal Builder is used for build
gcc -O0 -g3 -Wall -c -fmessage-length=0 -o student.o "..\\student.c" 
..\student.c: In function 'Add_Student':
..\student.c:36:8: warning: passing argument 1 of 'fgets' from incompatible pointer type [-Wincompatible-pointer-types]
  fgets(&temp);
        ^
In file included from ..\student.h:11:0,
                 from ..\student.c:7:
c:\mingw\include\stdio.h:673:41: note: expected 'char *' but argument is of type 'char (*)[40]'
 _CRTIMP __cdecl __MINGW_NOTHROW  char * fgets (char *, int, FILE *);
                                         ^~~~~
..\student.c:36:2: error: too few arguments to function 'fgets'
  fgets(&temp);
  ^~~~~
In file included from ..\student.h:11:0,
                 from ..\student.c:7:
c:\mingw\include\stdio.h:673:41: note: declared here
 _CRTIMP __cdecl __MINGW_NOTHROW  char * fgets (char *, int, FILE *);
                                         ^~~~~
..\student.c:39:8: warning: passing argument 1 of 'fgets' from incompatible pointer type [-Wincompatible-pointer-types]
  fgets(&PNewStudent->student.name);
        ^
In file included from ..\student.h:11:0,
                 from ..\student.c:7:
c:\mingw\include\stdio.h:673:41: note: expected 'char *' but argument is of type 'char (*)[40]'
 _CRTIMP __cdecl __MINGW_NOTHROW  char * fgets (char *, int, FILE *);
                                         ^~~~~
..\student.c:39:2: error: too few arguments to function 'fgets'
  fgets(&PNewStudent->student.name);
  ^~~~~
In file included from ..\student.h:11:0,
                 from ..\student.c:7:
c:\mingw\include\stdio.h:673:41: note: declared here
 _CRTIMP __cdecl __MINGW_NOTHROW  char * fgets (char *, int, FILE *);
                                         ^~~~~
..\student.c:41:8: warning: passing argument 1 of 'fgets' from incompatible pointer type [-Wincompatible-pointer-types]
  fgets(&temp);
        ^
In file included from ..\student.h:11:0,
                 from ..\student.c:7:
c:\mingw\include\stdio.h:673:41: note: expected 'char *' but argument is of type 'char (*)[40]'
 _CRTIMP __cdecl __MINGW_NOTHROW  char * fgets (char *, int, FILE *);
                                         ^~~~~
..\student.c:41:2: error: too few arguments to function 'fgets'
  fgets(&temp);
  ^~~~~
In file included from ..\student.h:11:0,
                 from ..\student.c:7:
c:\mingw\include\stdio.h:673:41: note: declared here
 _CRTIMP __cdecl __MINGW_NOTHROW  char * fgets (char *, int, FILE *);
                                         ^~~~~
12:17:01 **** Incremental Build of configuration Debug for project Students_Data ****
Info: Internal Builder is used for build
gcc -O0 -g3 -Wall -c -fmessage-length=0 -o student.o "..\\student.c" 
..\student.c: In function 'Add_Student':
..\student.c:36:7: warning: passing argument 1 of 'gets' from incompatible pointer type [-Wincompatible-pointer-types]
  gets(&temp);
       ^
In file included from ..\student.h:11:0,
                 from ..\student.c:7:
c:\mingw\include\stdio.h:676:41: note: expected 'char *' but argument is of type 'char (*)[40]'
 _CRTIMP __cdecl __MINGW_NOTHROW  char * gets (char *);
                                         ^~~~
..\student.c:39:7: warning: passing argument 1 of 'gets' from incompatible pointer type [-Wincompatible-pointer-types]
  gets(&PNewStudent->student.name);
       ^
In file included from ..\student.h:11:0,
                 from ..\student.c:7:
c:\mingw\include\stdio.h:676:41: note: expected 'char *' but argument is of type 'char (*)[40]'
 _CRTIMP __cdecl __MINGW_NOTHROW  char * gets (char *);
                                         ^~~~
..\student.c:41:7: warning: passing argument 1 of 'gets' from incompatible pointer type [-Wincompatible-pointer-types]
  gets(&temp);
       ^
In file included from ..\student.h:11:0,
                 from ..\student.c:7:
c:\mingw\include\stdio.h:676:41: note: expected 'char *' but argument is of type 'char (*)[40]'
 _CRTIMP __cdecl __MINGW_NOTHROW  char * gets (char *);
                                         ^~~~
gcc -O0 -g3 -Wall -c -fmessage-length=0 -o main.o "..\\main.c" 
..\main.c: In function 'main':
..\main.c:21:3: warning: implicit declaration of function 'Add_student' [-Wimplicit-function-declaration]
   Add_student(&student1);
   ^~~~~~~~~~~
gcc -o Students_Data.exe main.o student.o 
student.o:student.c:(.bss+0x0): multiple definition of `PFirstStudent'
main.o:main.c:(.bss+0x0): first defined here
main.o: In function `main':
F:\courses\embedded_system\unit_4\lesson_1\assignment\Linked List\Students_Data\Debug/../main.c:21: undefined reference to `Add_student'
collect2.exe: error: ld returned 1 exit status
12:17:36 **** Incremental Build of configuration Debug for project Students_Data ****
Info: Internal Builder is used for build
gcc -O0 -g3 -Wall -c -fmessage-length=0 -o main.o "..\\main.c" 
..\main.c: In function 'main':
..\main.c:21:3: warning: implicit declaration of function 'Add_student' [-Wimplicit-function-declaration]
   Add_student(student1);
   ^~~~~~~~~~~
..\main.c:21:3: warning: 'student1' may be used uninitialized in this function [-Wmaybe-uninitialized]
   Add_student(student1);
   ^~~~~~~~~~~~~~~~~~~~~
gcc -o Students_Data.exe main.o student.o 
student.o:student.c:(.bss+0x0): multiple definition of `PFirstStudent'
main.o:main.c:(.bss+0x0): first defined here
main.o: In function `main':
F:\courses\embedded_system\unit_4\lesson_1\assignment\Linked List\Students_Data\Debug/../main.c:21: undefined reference to `Add_student'
collect2.exe: error: ld returned 1 exit status
12:23:45 **** Incremental Build of configuration Debug for project Students_Data ****
Info: Internal Builder is used for build
gcc -O0 -g3 -Wall -c -fmessage-length=0 -o main.o "..\\main.c" 
..\main.c: In function 'main':
..\main.c:20:3: warning: implicit declaration of function 'Add_student' [-Wimplicit-function-declaration]
   Add_student();
   ^~~~~~~~~~~
gcc -O0 -g3 -Wall -c -fmessage-length=0 -o student.o "..\\student.c" 
..\student.c: In function 'Add_Student':
..\student.c:37:7: warning: passing argument 1 of 'gets' from incompatible pointer type [-Wincompatible-pointer-types]
  gets(&temp);
       ^
In file included from ..\student.h:11:0,
                 from ..\student.c:7:
c:\mingw\include\stdio.h:676:41: note: expected 'char *' but argument is of type 'char (*)[40]'
 _CRTIMP __cdecl __MINGW_NOTHROW  char * gets (char *);
                                         ^~~~
..\student.c:40:7: warning: passing argument 1 of 'gets' from incompatible pointer type [-Wincompatible-pointer-types]
  gets(&PNewStudent->student.name);
       ^
In file included from ..\student.h:11:0,
                 from ..\student.c:7:
c:\mingw\include\stdio.h:676:41: note: expected 'char *' but argument is of type 'char (*)[40]'
 _CRTIMP __cdecl __MINGW_NOTHROW  char * gets (char *);
                                         ^~~~
..\student.c:42:7: warning: passing argument 1 of 'gets' from incompatible pointer type [-Wincompatible-pointer-types]
  gets(&temp);
       ^
In file included from ..\student.h:11:0,
                 from ..\student.c:7:
c:\mingw\include\stdio.h:676:41: note: expected 'char *' but argument is of type 'char (*)[40]'
 _CRTIMP __cdecl __MINGW_NOTHROW  char * gets (char *);
                                         ^~~~
gcc -o Students_Data.exe main.o student.o 
student.o:student.c:(.bss+0x0): multiple definition of `PFirstStudent'
main.o:main.c:(.bss+0x0): first defined here
main.o: In function `main':
F:\courses\embedded_system\unit_4\lesson_1\assignment\Linked List\Students_Data\Debug/../main.c:20: undefined reference to `Add_student'
collect2.exe: error: ld returned 1 exit status
12:26:04 **** Incremental Build of configuration Debug for project Students_Data ****
Info: Internal Builder is used for build
gcc -O0 -g3 -Wall -c -fmessage-length=0 -o main.o "..\\main.c" 
..\main.c: In function 'Add_Student':
..\main.c:35:7: warning: passing argument 1 of 'gets' from incompatible pointer type [-Wincompatible-pointer-types]
  gets(&temp);
       ^
In file included from ..\student.h:11:0,
                 from ..\main.c:7:
c:\mingw\include\stdio.h:676:41: note: expected 'char *' but argument is of type 'char (*)[40]'
 _CRTIMP __cdecl __MINGW_NOTHROW  char * gets (char *);
                                         ^~~~
..\main.c:38:7: warning: passing argument 1 of 'gets' from incompatible pointer type [-Wincompatible-pointer-types]
  gets(&PNewStudent->student.name);
       ^
In file included from ..\student.h:11:0,
                 from ..\main.c:7:
c:\mingw\include\stdio.h:676:41: note: expected 'char *' but argument is of type 'char (*)[40]'
 _CRTIMP __cdecl __MINGW_NOTHROW  char * gets (char *);
                                         ^~~~
..\main.c:40:7: warning: passing argument 1 of 'gets' from incompatible pointer type [-Wincompatible-pointer-types]
  gets(&temp);
       ^
In file included from ..\student.h:11:0,
                 from ..\main.c:7:
c:\mingw\include\stdio.h:676:41: note: expected 'char *' but argument is of type 'char (*)[40]'
 _CRTIMP __cdecl __MINGW_NOTHROW  char * gets (char *);
                                         ^~~~
..\main.c: In function 'main':
..\main.c:56:3: warning: implicit declaration of function 'Add_student' [-Wimplicit-function-declaration]
   Add_student();
   ^~~~~~~~~~~
gcc -o Students_Data.exe main.o 
main.o: In function `main':
F:\courses\embedded_system\unit_4\lesson_1\assignment\Linked List\Students_Data\Debug/../main.c:56: undefined reference to `Add_student'
collect2.exe: error: ld returned 1 exit status
12:30:05 **** Incremental Build of configuration Debug for project Students_Data ****
Info: Internal Builder is used for build
gcc -O0 -g3 -Wall -c -fmessage-length=0 -o main.o "..\\main.c" 
..\main.c: In function 'Add_Student':
..\main.c:35:7: warning: passing argument 1 of 'gets' from incompatible pointer type [-Wincompatible-pointer-types]
  gets(&temp);
       ^
In file included from ..\student.h:11:0,
                 from ..\main.c:7:
c:\mingw\include\stdio.h:676:41: note: expected 'char *' but argument is of type 'char (*)[40]'
 _CRTIMP __cdecl __MINGW_NOTHROW  char * gets (char *);
                                         ^~~~
..\main.c:38:7: warning: passing argument 1 of 'gets' from incompatible pointer type [-Wincompatible-pointer-types]
  gets(&PNewStudent->student.name);
       ^
In file included from ..\student.h:11:0,
                 from ..\main.c:7:
c:\mingw\include\stdio.h:676:41: note: expected 'char *' but argument is of type 'char (*)[40]'
 _CRTIMP __cdecl __MINGW_NOTHROW  char * gets (char *);
                                         ^~~~
..\main.c:40:7: warning: passing argument 1 of 'gets' from incompatible pointer type [-Wincompatible-pointer-types]
  gets(&temp);
       ^
In file included from ..\student.h:11:0,
                 from ..\main.c:7:
c:\mingw\include\stdio.h:676:41: note: expected 'char *' but argument is of type 'char (*)[40]'
 _CRTIMP __cdecl __MINGW_NOTHROW  char * gets (char *);
                                         ^~~~
gcc -o Students_Data.exe main.o 
Info: Nothing to build for Students_Data
Info: Nothing to build for Students_Data
12:31:59 **** Incremental Build of configuration Debug for project Students_Data ****
Info: Internal Builder is used for build
gcc -O0 -g3 -Wall -c -fmessage-length=0 -o main.o "..\\main.c" 
..\main.c: In function 'Add_Student':
..\main.c:35:8: warning: passing argument 1 of 'fgets' from incompatible pointer type [-Wincompatible-pointer-types]
  fgets(&temp,40,stdin);
        ^
In file included from ..\student.h:11:0,
                 from ..\main.c:7:
c:\mingw\include\stdio.h:673:41: note: expected 'char *' but argument is of type 'char (*)[40]'
 _CRTIMP __cdecl __MINGW_NOTHROW  char * fgets (char *, int, FILE *);
                                         ^~~~~
..\main.c:38:8: warning: passing argument 1 of 'fgets' from incompatible pointer type [-Wincompatible-pointer-types]
  fgets(&PNewStudent->student.name,40,stdin);
        ^
In file included from ..\student.h:11:0,
                 from ..\main.c:7:
c:\mingw\include\stdio.h:673:41: note: expected 'char *' but argument is of type 'char (*)[40]'
 _CRTIMP __cdecl __MINGW_NOTHROW  char * fgets (char *, int, FILE *);
                                         ^~~~~
..\main.c:40:8: warning: passing argument 1 of 'fgets' from incompatible pointer type [-Wincompatible-pointer-types]
  fgets(&temp,40,stdin);
        ^
In file included from ..\student.h:11:0,
                 from ..\main.c:7:
c:\mingw\include\stdio.h:673:41: note: expected 'char *' but argument is of type 'char (*)[40]'
 _CRTIMP __cdecl __MINGW_NOTHROW  char * fgets (char *, int, FILE *);
                                         ^~~~~
gcc -o Students_Data.exe main.o 
Info: Nothing to build for Students_Data
Info: Nothing to build for Students_Data
Info: Nothing to build for Students_Data
Info: Nothing to build for Students_Data
12:39:29 **** Incremental Build of configuration Debug for project Students_Data ****
Info: Internal Builder is used for build
gcc -O0 -g3 -Wall -c -fmessage-length=0 -o main.o "..\\main.c" 
..\main.c: In function 'Add_Student':
..\main.c:35:8: warning: passing argument 1 of 'fgets' from incompatible pointer type [-Wincompatible-pointer-types]
  fgets(&temp,40,stdin);
        ^
In file included from ..\student.h:11:0,
                 from ..\main.c:7:
c:\mingw\include\stdio.h:673:41: note: expected 'char *' but argument is of type 'char (*)[40]'
 _CRTIMP __cdecl __MINGW_NOTHROW  char * fgets (char *, int, FILE *);
                                         ^~~~~
..\main.c:38:8: warning: passing argument 1 of 'fgets' from incompatible pointer type [-Wincompatible-pointer-types]
  fgets(&PNewStudent->student.name,40,stdin);
        ^
In file included from ..\student.h:11:0,
                 from ..\main.c:7:
c:\mingw\include\stdio.h:673:41: note: expected 'char *' but argument is of type 'char (*)[40]'
 _CRTIMP __cdecl __MINGW_NOTHROW  char * fgets (char *, int, FILE *);
                                         ^~~~~
..\main.c:40:8: warning: passing argument 1 of 'fgets' from incompatible pointer type [-Wincompatible-pointer-types]
  fgets(&temp,40,stdin);
        ^
In file included from ..\student.h:11:0,
                 from ..\main.c:7:
c:\mingw\include\stdio.h:673:41: note: expected 'char *' but argument is of type 'char (*)[40]'
 _CRTIMP __cdecl __MINGW_NOTHROW  char * fgets (char *, int, FILE *);
                                         ^~~~~
..\main.c: In function 'main':
..\main.c:47:7: warning: unused variable 'choice' [-Wunused-variable]
  char choice[40];
       ^~~~~~
gcc -o Students_Data.exe main.o 
Info: Nothing to build for Students_Data
12:43:02 **** Incremental Build of configuration Debug for project Students_Data ****
Info: Internal Builder is used for build
gcc -O0 -g3 -Wall -c -fmessage-length=0 -o main.o "..\\main.c" 
..\main.c: In function 'Add_Student':
..\main.c:35:8: warning: passing argument 1 of 'fgets' from incompatible pointer type [-Wincompatible-pointer-types]
  fgets(&temp,40,stdin);
        ^
In file included from ..\student.h:11:0,
                 from ..\main.c:7:
c:\mingw\include\stdio.h:673:41: note: expected 'char *' but argument is of type 'char (*)[40]'
 _CRTIMP __cdecl __MINGW_NOTHROW  char * fgets (char *, int, FILE *);
                                         ^~~~~
..\main.c:38:8: warning: passing argument 1 of 'fgets' from incompatible pointer type [-Wincompatible-pointer-types]
  fgets(&PNewStudent->student.name,40,stdin);
        ^
In file included from ..\student.h:11:0,
                 from ..\main.c:7:
c:\mingw\include\stdio.h:673:41: note: expected 'char *' but argument is of type 'char (*)[40]'
 _CRTIMP __cdecl __MINGW_NOTHROW  char * fgets (char *, int, FILE *);
                                         ^~~~~
..\main.c:40:8: warning: passing argument 1 of 'fgets' from incompatible pointer type [-Wincompatible-pointer-types]
  fgets(&temp,40,stdin);
        ^
In file included from ..\student.h:11:0,
                 from ..\main.c:7:
c:\mingw\include\stdio.h:673:41: note: expected 'char *' but argument is of type 'char (*)[40]'
 _CRTIMP __cdecl __MINGW_NOTHROW  char * fgets (char *, int, FILE *);
                                         ^~~~~
..\main.c: In function 'main':
..\main.c:47:7: warning: unused variable 'choice' [-Wunused-variable]
  char choice[40];
       ^~~~~~
gcc -o Students_Data.exe main.o 
Info: Nothing to build for Students_Data
12:55:09 **** Incremental Build of configuration Debug for project Students_Data ****
Info: Internal Builder is used for build
gcc -O0 -g3 -Wall -c -fmessage-length=0 -o main.o "..\\main.c" 
..\main.c: In function 'Add_Student':
..\main.c:35:8: warning: passing argument 1 of 'fgets' from incompatible pointer type [-Wincompatible-pointer-types]
  fgets(&temp,40,stdin);
        ^
In file included from ..\student.h:11:0,
                 from ..\main.c:7:
c:\mingw\include\stdio.h:673:41: note: expected 'char *' but argument is of type 'char (*)[40]'
 _CRTIMP __cdecl __MINGW_NOTHROW  char * fgets (char *, int, FILE *);
                                         ^~~~~
..\main.c:38:29: error: 'struct SStudent_Data' has no member named 'name'
  fgets(&PNewStudent->student.name,40,stdin);
                             ^
..\main.c:40:8: warning: passing argument 1 of 'fgets' from incompatible pointer type [-Wincompatible-pointer-types]
  fgets(&temp,40,stdin);
        ^
In file included from ..\student.h:11:0,
                 from ..\main.c:7:
c:\mingw\include\stdio.h:673:41: note: expected 'char *' but argument is of type 'char (*)[40]'
 _CRTIMP __cdecl __MINGW_NOTHROW  char * fgets (char *, int, FILE *);
                                         ^~~~~
..\main.c: In function 'main':
..\main.c:47:7: warning: unused variable 'choice' [-Wunused-variable]
  char choice[40];
       ^~~~~~
12:57:13 **** Incremental Build of configuration Debug for project Students_Data ****
Info: Internal Builder is used for build
gcc -O0 -g3 -Wall -c -fmessage-length=0 -o main.o "..\\main.c" 
..\main.c: In function 'Add_Student':
..\main.c:40:10: warning: format '%s' expects argument of type 'char *', but argument 2 has type 'char (*)[20]' [-Wformat=]
  scanf("%s",&PNewStudent->student.First_name);
          ^
..\main.c:44:10: warning: format '%s' expects argument of type 'char *', but argument 2 has type 'char (*)[20]' [-Wformat=]
  scanf("%s",&PNewStudent->student.Last_name);
          ^
..\main.c:48:10: warning: unknown conversion type character '.' in format [-Wformat=]
  scanf("%.2f",&PNewStudent->student.height);
          ^
..\main.c:48:8: warning: too many arguments for format [-Wformat-extra-args]
  scanf("%.2f",&PNewStudent->student.height);
        ^~~~~~
..\main.c: In function 'main':
..\main.c:54:7: warning: unused variable 'choice' [-Wunused-variable]
  char choice[40];
       ^~~~~~
gcc -o Students_Data.exe main.o 
Info: Nothing to build for Students_Data
12:58:26 **** Incremental Build of configuration Debug for project Students_Data ****
Info: Internal Builder is used for build
gcc -O0 -g3 -Wall -c -fmessage-length=0 -o main.o "..\\main.c" 
..\main.c: In function 'Add_Student':
..\main.c:40:10: warning: format '%s' expects argument of type 'char *', but argument 2 has type 'char (*)[20]' [-Wformat=]
  scanf("%s",&PNewStudent->student.First_name);
          ^
..\main.c:44:10: warning: format '%s' expects argument of type 'char *', but argument 2 has type 'char (*)[20]' [-Wformat=]
  scanf("%s",&PNewStudent->student.Last_name);
          ^
..\main.c:48:10: warning: unknown conversion type character '.' in format [-Wformat=]
  scanf("%.2f",&PNewStudent->student.height);
          ^
..\main.c:48:8: warning: too many arguments for format [-Wformat-extra-args]
  scanf("%.2f",&PNewStudent->student.height);
        ^~~~~~
gcc -o Students_Data.exe main.o 
Info: Nothing to build for Students_Data
12:59:16 **** Incremental Build of configuration Debug for project Students_Data ****
Info: Internal Builder is used for build
gcc -O0 -g3 -Wall -c -fmessage-length=0 -o main.o "..\\main.c" 
..\main.c: In function 'Add_Student':
..\main.c:40:10: warning: format '%s' expects argument of type 'char *', but argument 2 has type 'char (*)[20]' [-Wformat=]
  scanf("%s",&PNewStudent->student.First_name);
          ^
..\main.c:44:10: warning: format '%s' expects argument of type 'char *', but argument 2 has type 'char (*)[20]' [-Wformat=]
  scanf("%s",&PNewStudent->student.Last_name);
          ^
..\main.c:48:10: warning: unknown conversion type character '.' in format [-Wformat=]
  scanf("%.2f",&PNewStudent->student.height);
          ^
..\main.c:48:8: warning: too many arguments for format [-Wformat-extra-args]
  scanf("%.2f",&PNewStudent->student.height);
        ^~~~~~
gcc -o Students_Data.exe main.o 
Info: Nothing to build for Students_Data
Info: Nothing to build for Students_Data
13:00:53 **** Incremental Build of configuration Debug for project Students_Data ****
Info: Internal Builder is used for build
gcc -O0 -g3 -Wall -c -fmessage-length=0 -o main.o "..\\main.c" 
..\main.c: In function 'Add_Student':
..\main.c:40:10: warning: format '%s' expects argument of type 'char *', but argument 2 has type 'char (*)[20]' [-Wformat=]
  scanf("%s",&PNewStudent->student.First_name);
          ^
..\main.c:44:10: warning: format '%s' expects argument of type 'char *', but argument 2 has type 'char (*)[20]' [-Wformat=]
  scanf("%s",&PNewStudent->student.Last_name);
          ^
..\main.c:48:10: warning: unknown conversion type character '.' in format [-Wformat=]
  scanf("%.2f",&PNewStudent->student.height);
          ^
..\main.c:48:8: warning: too many arguments for format [-Wformat-extra-args]
  scanf("%.2f",&PNewStudent->student.height);
        ^~~~~~
gcc -o Students_Data.exe main.o 
Info: Nothing to build for Students_Data
13:05:25 **** Incremental Build of configuration Debug for project Students_Data ****
Info: Internal Builder is used for build
gcc -O0 -g3 -Wall -c -fmessage-length=0 -o student.o "..\\student.c" 
..\student.c: In function 'Add_Student':
..\student.c:42:10: warning: format '%s' expects argument of type 'char *', but argument 2 has type 'char (*)[20]' [-Wformat=]
  scanf("%s",&PNewStudent->student.First_name);
          ^
..\student.c:46:10: warning: format '%s' expects argument of type 'char *', but argument 2 has type 'char (*)[20]' [-Wformat=]
  scanf("%s",&PNewStudent->student.Last_name);
          ^
..\student.c:50:10: warning: unknown conversion type character '.' in format [-Wformat=]
  scanf("%.2f",&PNewStudent->student.height);
          ^
..\student.c:50:8: warning: too many arguments for format [-Wformat-extra-args]
  scanf("%.2f",&PNewStudent->student.height);
        ^~~~~~
gcc -O0 -g3 -Wall -c -fmessage-length=0 -o main.o "..\\main.c" 
gcc -o Students_Data.exe main.o student.o 
student.o:student.c:(.bss+0x0): multiple definition of `PFirstStudent'
main.o:main.c:(.bss+0x0): first defined here
collect2.exe: error: ld returned 1 exit status
13:08:00 **** Incremental Build of configuration Debug for project Students_Data ****
Info: Internal Builder is used for build
gcc -O0 -g3 -Wall -c -fmessage-length=0 -o student.o "..\\student.c" 
..\student.c: In function 'Add_Student':
..\student.c:43:10: warning: format '%s' expects argument of type 'char *', but argument 2 has type 'char (*)[20]' [-Wformat=]
  scanf("%s",&PNewStudent->student.First_name);
          ^
..\student.c:47:10: warning: format '%s' expects argument of type 'char *', but argument 2 has type 'char (*)[20]' [-Wformat=]
  scanf("%s",&PNewStudent->student.Last_name);
          ^
..\student.c:51:10: warning: unknown conversion type character '.' in format [-Wformat=]
  scanf("%.2f",&PNewStudent->student.height);
          ^
..\student.c:51:8: warning: too many arguments for format [-Wformat-extra-args]
  scanf("%.2f",&PNewStudent->student.height);
        ^~~~~~
gcc -O0 -g3 -Wall -c -fmessage-length=0 -o main.o "..\\main.c" 
gcc -o Students_Data.exe main.o student.o 
Info: Nothing to build for Students_Data
13:14:46 **** Incremental Build of configuration Debug for project Students_Data ****
Info: Internal Builder is used for build
gcc -O0 -g3 -Wall -c -fmessage-length=0 -o student.o "..\\student.c" 
..\student.c: In function 'Add_Student':
..\student.c:45:10: warning: format '%s' expects argument of type 'char *', but argument 2 has type 'char (*)[20]' [-Wformat=]
  scanf("%s",&PNewStudent->student.First_name);
          ^
..\student.c:49:10: warning: format '%s' expects argument of type 'char *', but argument 2 has type 'char (*)[20]' [-Wformat=]
  scanf("%s",&lastName);
          ^
..\student.c:56:10: warning: unknown conversion type character '.' in format [-Wformat=]
  scanf("%.2f",&PNewStudent->student.height);
          ^
..\student.c:56:8: warning: too many arguments for format [-Wformat-extra-args]
  scanf("%.2f",&PNewStudent->student.height);
        ^~~~~~
gcc -O0 -g3 -Wall -c -fmessage-length=0 -o main.o "..\\main.c" 
gcc -o Students_Data.exe main.o student.o 
Info: Nothing to build for Students_Data
13:15:27 **** Incremental Build of configuration Debug for project Students_Data ****
Info: Internal Builder is used for build
gcc -O0 -g3 -Wall -c -fmessage-length=0 -o student.o "..\\student.c" 
..\student.c: In function 'Add_Student':
..\student.c:45:10: warning: format '%s' expects argument of type 'char *', but argument 2 has type 'char (*)[20]' [-Wformat=]
  scanf("%s",&PNewStudent->student.First_name);
          ^
..\student.c:49:10: warning: format '%s' expects argument of type 'char *', but argument 2 has type 'char (*)[20]' [-Wformat=]
  scanf("%s",&lastName);
          ^
..\student.c:56:10: warning: unknown conversion type character '.' in format [-Wformat=]
  scanf("%.2f",&PNewStudent->student.height);
          ^
..\student.c:56:8: warning: too many arguments for format [-Wformat-extra-args]
  scanf("%.2f",&PNewStudent->student.height);
        ^~~~~~
gcc -o Students_Data.exe main.o student.o 
c:/mingw/bin/../lib/gcc/mingw32/6.3.0/../../../../mingw32/bin/ld.exe: cannot open output file Students_Data.exe: Permission denied
collect2.exe: error: ld returned 1 exit status
13:15:58 **** Incremental Build of configuration Debug for project Students_Data ****
Info: Internal Builder is used for build
gcc -o Students_Data.exe main.o student.o 
Info: Nothing to build for Students_Data
16:14:42 **** Incremental Build of configuration Debug for project Students_Data ****
Info: Internal Builder is used for build
gcc -O0 -g3 -Wall -c -fmessage-length=0 -o main.o "..\\main.c" 
gcc -O0 -g3 -Wall -c -fmessage-length=0 -o student.o "..\\student.c" 
..\student.c: In function 'Add_Student':
..\student.c:45:13: warning: cast from pointer to integer of different size [-Wpointer-to-int-cast]
  scanf("%s",(char)&PNewStudent->student.Full_name);
             ^
..\student.c:45:10: warning: format '%s' expects argument of type 'char *', but argument 2 has type 'int' [-Wformat=]
  scanf("%s",(char)&PNewStudent->student.Full_name);
          ^
..\student.c:49:13: warning: cast from pointer to integer of different size [-Wpointer-to-int-cast]
  scanf("%s",(char)&lastName);
             ^
..\student.c:49:10: warning: format '%s' expects argument of type 'char *', but argument 2 has type 'int' [-Wformat=]
  scanf("%s",(char)&lastName);
          ^
..\student.c:55:10: warning: unknown conversion type character '.' in format [-Wformat=]
  scanf("%.2f",&PNewStudent->student.height);
          ^
..\student.c:55:8: warning: too many arguments for format [-Wformat-extra-args]
  scanf("%.2f",&PNewStudent->student.height);
        ^~~~~~
gcc -o Students_Data.exe main.o student.o 
16:55:29 **** Incremental Build of configuration Debug for project Students_Data ****
Info: Internal Builder is used for build
gcc -O0 -g3 -Wall -c -fmessage-length=0 -o main.o "..\\main.c" 
gcc -O0 -g3 -Wall -c -fmessage-length=0 -o student.o "..\\student.c" 
..\student.c: In function 'Add_Student':
..\student.c:45:10: warning: format '%s' expects argument of type 'char *', but argument 2 has type 'char (*)[40]' [-Wformat=]
  scanf("%s",&PNewStudent->student.Full_name);
          ^
..\student.c:49:10: warning: format '%s' expects argument of type 'char *', but argument 2 has type 'char (*)[20]' [-Wformat=]
  scanf("%s",&lastName);
          ^
..\student.c:55:10: warning: unknown conversion type character '.' in format [-Wformat=]
  scanf("%.2f",&PNewStudent->student.height);
          ^
..\student.c:55:8: warning: too many arguments for format [-Wformat-extra-args]
  scanf("%.2f",&PNewStudent->student.height);
        ^~~~~~
gcc -o Students_Data.exe main.o student.o 
Info: Nothing to build for Students_Data
16:56:04 **** Incremental Build of configuration Debug for project Students_Data ****
Info: Internal Builder is used for build
gcc -O0 -g3 -Wall -c -fmessage-length=0 -o main.o "..\\main.c" 
gcc -o Students_Data.exe main.o student.o 
c:/mingw/bin/../lib/gcc/mingw32/6.3.0/../../../../mingw32/bin/ld.exe: cannot open output file Students_Data.exe: Permission denied
collect2.exe: error: ld returned 1 exit status
16:56:07 **** Incremental Build of configuration Debug for project Students_Data ****
Info: Internal Builder is used for build
gcc -o Students_Data.exe main.o student.o 
c:/mingw/bin/../lib/gcc/mingw32/6.3.0/../../../../mingw32/bin/ld.exe: cannot open output file Students_Data.exe: Permission denied
collect2.exe: error: ld returned 1 exit status
17:27:17 **** Incremental Build of configuration Debug for project Students_Data ****
Info: Internal Builder is used for build
gcc -O0 -g3 -Wall -c -fmessage-length=0 -o main.o "..\\main.c" 
..\main.c: In function 'main':
..\main.c:38:12: warning: comparison with string literal results in unspecified behavior [-Waddress]
   if(choice=="y")
            ^~
..\main.c:42:17: warning: comparison with string literal results in unspecified behavior [-Waddress]
   else if(choice=="n")
                 ^~
gcc -o Students_Data.exe main.o student.o 
c:/mingw/bin/../lib/gcc/mingw32/6.3.0/../../../../mingw32/bin/ld.exe: cannot open output file Students_Data.exe: Permission denied
collect2.exe: error: ld returned 1 exit status
17:27:20 **** Incremental Build of configuration Debug for project Students_Data ****
Info: Internal Builder is used for build
gcc -o Students_Data.exe main.o student.o 
c:/mingw/bin/../lib/gcc/mingw32/6.3.0/../../../../mingw32/bin/ld.exe: cannot open output file Students_Data.exe: Permission denied
collect2.exe: error: ld returned 1 exit status
17:27:39 **** Incremental Build of configuration Debug for project Students_Data ****
Info: Internal Builder is used for build
gcc -o Students_Data.exe main.o student.o 
c:/mingw/bin/../lib/gcc/mingw32/6.3.0/../../../../mingw32/bin/ld.exe: cannot open output file Students_Data.exe: Permission denied
collect2.exe: error: ld returned 1 exit status
18:49:08 **** Incremental Build of configuration Debug for project Students_Data ****
Info: Internal Builder is used for build
gcc -O0 -g3 -Wall -c -fmessage-length=0 -o main.o "..\\main.c" 
gcc -o Students_Data.exe main.o student.o 
c:/mingw/bin/../lib/gcc/mingw32/6.3.0/../../../../mingw32/bin/ld.exe: cannot open output file Students_Data.exe: Permission denied
collect2.exe: error: ld returned 1 exit status
18:49:11 **** Incremental Build of configuration Debug for project Students_Data ****
Info: Internal Builder is used for build
gcc -o Students_Data.exe main.o student.o 
c:/mingw/bin/../lib/gcc/mingw32/6.3.0/../../../../mingw32/bin/ld.exe: cannot open output file Students_Data.exe: Permission denied
collect2.exe: error: ld returned 1 exit status
18:50:48 **** Incremental Build of configuration Debug for project Students_Data ****
Info: Internal Builder is used for build
gcc -o Students_Data.exe main.o student.o 
c:/mingw/bin/../lib/gcc/mingw32/6.3.0/../../../../mingw32/bin/ld.exe: cannot open output file Students_Data.exe: Permission denied
collect2.exe: error: ld returned 1 exit status
18:52:09 **** Incremental Build of configuration Debug for project Students_Data ****
Info: Internal Builder is used for build
gcc -o Students_Data.exe main.o student.o 
c:/mingw/bin/../lib/gcc/mingw32/6.3.0/../../../../mingw32/bin/ld.exe: cannot open output file Students_Data.exe: Permission denied
collect2.exe: error: ld returned 1 exit status
18:52:12 **** Incremental Build of configuration Debug for project Students_Data ****
Info: Internal Builder is used for build
gcc -o Students_Data.exe main.o student.o 
c:/mingw/bin/../lib/gcc/mingw32/6.3.0/../../../../mingw32/bin/ld.exe: cannot open output file Students_Data.exe: Permission denied
collect2.exe: error: ld returned 1 exit status
18:52:52 **** Incremental Build of configuration Debug for project Students_Data ****
Info: Internal Builder is used for build
gcc -o Students_Data.exe main.o student.o 
c:/mingw/bin/../lib/gcc/mingw32/6.3.0/../../../../mingw32/bin/ld.exe: cannot open output file Students_Data.exe: Permission denied
collect2.exe: error: ld returned 1 exit status
18:53:20 **** Incremental Build of configuration Debug for project Students_Data ****
Info: Internal Builder is used for build
gcc -o Students_Data.exe main.o student.o 
Info: Nothing to build for Students_Data
18:54:57 **** Incremental Build of configuration Debug for project Students_Data ****
Info: Internal Builder is used for build
gcc -O0 -g3 -Wall -c -fmessage-length=0 -o main.o "..\\main.c" 
gcc -o Students_Data.exe main.o student.o 
c:/mingw/bin/../lib/gcc/mingw32/6.3.0/../../../../mingw32/bin/ld.exe: cannot open output file Students_Data.exe: Permission denied
collect2.exe: error: ld returned 1 exit status
18:55:21 **** Incremental Build of configuration Debug for project Students_Data ****
Info: Internal Builder is used for build
gcc -o Students_Data.exe main.o student.o 
Info: Nothing to build for Students_Data
09:07:58 **** Incremental Build of configuration Debug for project Students_Data ****
Info: Internal Builder is used for build
gcc -O0 -g3 -Wall -c -fmessage-length=0 -o main.o "..\\main.c" 
gcc -O0 -g3 -Wall -c -fmessage-length=0 -o student.o "..\\student.c" 
..\student.c: In function 'Add_Student':
..\student.c:45:10: warning: format '%s' expects argument of type 'char *', but argument 2 has type 'char (*)[40]' [-Wformat=]
  scanf("%s",&PNewStudent->student.Full_name);
          ^
..\student.c:49:10: warning: format '%s' expects argument of type 'char *', but argument 2 has type 'char (*)[20]' [-Wformat=]
  scanf("%s",&lastName);
          ^
..\student.c:55:10: warning: unknown conversion type character '.' in format [-Wformat=]
  scanf("%.2f",&PNewStudent->student.height);
          ^
..\student.c:55:8: warning: too many arguments for format [-Wformat-extra-args]
  scanf("%.2f",&PNewStudent->student.height);
        ^~~~~~
gcc -o Students_Data.exe main.o student.o 
Info: Nothing to build for Students_Data
09:11:09 **** Incremental Build of configuration Debug for project Students_Data ****
Info: Internal Builder is used for build
gcc -O0 -g3 -Wall -c -fmessage-length=0 -o student.o "..\\student.c" 
..\student.c: In function 'Add_Student':
..\student.c:45:10: warning: format '%s' expects argument of type 'char *', but argument 2 has type 'char (*)[40]' [-Wformat=]
  scanf("%s",&PNewStudent->student.Full_name);
          ^
..\student.c:49:10: warning: format '%s' expects argument of type 'char *', but argument 2 has type 'char (*)[20]' [-Wformat=]
  scanf("%s",&lastName);
          ^
..\student.c:55:10: warning: unknown conversion type character '.' in format [-Wformat=]
  scanf("%.2f",&PNewStudent->student.height);
          ^
..\student.c:55:8: warning: too many arguments for format [-Wformat-extra-args]
  scanf("%.2f",&PNewStudent->student.height);
        ^~~~~~
gcc -o Students_Data.exe main.o student.o 
c:/mingw/bin/../lib/gcc/mingw32/6.3.0/../../../../mingw32/bin/ld.exe: cannot open output file Students_Data.exe: Permission denied
collect2.exe: error: ld returned 1 exit status
09:11:41 **** Incremental Build of configuration Debug for project Students_Data ****
Info: Internal Builder is used for build
gcc -o Students_Data.exe main.o student.o 
Info: Nothing to build for Students_Data
Info: Nothing to build for Students_Data
09:14:46 **** Incremental Build of configuration Debug for project Students_Data ****
Info: Internal Builder is used for build
gcc -O0 -g3 -Wall -c -fmessage-length=0 -o student.o "..\\student.c" 
..\student.c: In function 'Add_Student':
..\student.c:45:10: warning: format '%s' expects argument of type 'char *', but argument 2 has type 'char (*)[40]' [-Wformat=]
  scanf("%s",&PNewStudent->student.Full_name);
          ^
..\student.c:49:10: warning: format '%s' expects argument of type 'char *', but argument 2 has type 'char (*)[20]' [-Wformat=]
  scanf("%s",&lastName);
          ^
gcc -o Students_Data.exe main.o student.o 
c:/mingw/bin/../lib/gcc/mingw32/6.3.0/../../../../mingw32/bin/ld.exe: cannot open output file Students_Data.exe: Permission denied
collect2.exe: error: ld returned 1 exit status
09:15:08 **** Incremental Build of configuration Debug for project Students_Data ****
Info: Internal Builder is used for build
gcc -o Students_Data.exe main.o student.o 
Info: Nothing to build for Students_Data
09:17:02 **** Incremental Build of configuration Debug for project Students_Data ****
Info: Internal Builder is used for build
gcc -O0 -g3 -Wall -c -fmessage-length=0 -o student.o "..\\student.c" 
..\student.c: In function 'Add_Student':
..\student.c:45:10: warning: format '%s' expects argument of type 'char *', but argument 2 has type 'char (*)[40]' [-Wformat=]
  scanf("%s",&PNewStudent->student.Full_name);
          ^
..\student.c:49:10: warning: format '%s' expects argument of type 'char *', but argument 2 has type 'char (*)[20]' [-Wformat=]
  scanf("%s",&lastName);
          ^
gcc -o Students_Data.exe main.o student.o 
c:/mingw/bin/../lib/gcc/mingw32/6.3.0/../../../../mingw32/bin/ld.exe: cannot open output file Students_Data.exe: Permission denied
collect2.exe: error: ld returned 1 exit status
09:17:20 **** Incremental Build of configuration Debug for project Students_Data ****
Info: Internal Builder is used for build
gcc -o Students_Data.exe main.o student.o 
Info: Nothing to build for Students_Data
09:30:47 **** Incremental Build of configuration Debug for project Students_Data ****
Info: Internal Builder is used for build
gcc -O0 -g3 -Wall -c -fmessage-length=0 -o main.o "..\\main.c" 
gcc -O0 -g3 -Wall -c -fmessage-length=0 -o student.o "..\\student.c" 
..\student.c: In function 'Add_Student':
..\student.c:45:10: warning: format '%s' expects argument of type 'char *', but argument 2 has type 'char (*)[40]' [-Wformat=]
  scanf("%s",&PNewStudent->student.Full_name);
          ^
..\student.c:49:10: warning: format '%s' expects argument of type 'char *', but argument 2 has type 'char (*)[20]' [-Wformat=]
  scanf("%s",&lastName);
          ^
gcc -o Students_Data.exe main.o student.o 
Info: Nothing to build for Students_Data
09:33:36 **** Incremental Build of configuration Debug for project Students_Data ****
Info: Internal Builder is used for build
gcc -O0 -g3 -Wall -c -fmessage-length=0 -o main.o "..\\main.c" 
gcc -O0 -g3 -Wall -c -fmessage-length=0 -o student.o "..\\student.c" 
..\student.c: In function 'Add_Student':
..\student.c:45:10: warning: format '%s' expects argument of type 'char *', but argument 2 has type 'char (*)[40]' [-Wformat=]
  scanf("%s",&PNewStudent->student.Full_name);
          ^
..\student.c:49:10: warning: format '%s' expects argument of type 'char *', but argument 2 has type 'char (*)[20]' [-Wformat=]
  scanf("%s",&lastName);
          ^
gcc -o Students_Data.exe main.o student.o 
Info: Nothing to build for Students_Data
09:35:31 **** Incremental Build of configuration Debug for project Students_Data ****
Info: Internal Builder is used for build
gcc -O0 -g3 -Wall -c -fmessage-length=0 -o main.o "..\\main.c" 
gcc -o Students_Data.exe main.o student.o 
c:/mingw/bin/../lib/gcc/mingw32/6.3.0/../../../../mingw32/bin/ld.exe: cannot open output file Students_Data.exe: Permission denied
collect2.exe: error: ld returned 1 exit status
09:35:54 **** Incremental Build of configuration Debug for project Students_Data ****
Info: Internal Builder is used for build
gcc -o Students_Data.exe main.o student.o 
09:52:04 **** Incremental Build of configuration Debug for project Students_Data ****
Info: Internal Builder is used for build
gcc -O0 -g3 -Wall -c -fmessage-length=0 -o student.o "..\\student.c" 
..\student.c: In function 'Add_Student':
..\student.c:41:10: warning: format '%s' expects argument of type 'char *', but argument 2 has type 'char (*)[40]' [-Wformat=]
  scanf("%s",&PNewStudent->student.Full_name);
          ^
..\student.c:43:10: warning: format '%s' expects argument of type 'char *', but argument 2 has type 'char (*)[20]' [-Wformat=]
  scanf("%s",&lastName);
          ^
gcc -O0 -g3 -Wall -c -fmessage-length=0 -o main.o "..\\main.c" 
gcc -o Students_Data.exe main.o student.o 
Info: Nothing to build for Students_Data
Info: Nothing to build for Students_Data
10:14:58 **** Incremental Build of configuration Debug for project Students_Data ****
Info: Internal Builder is used for build
gcc -O0 -g3 -Wall -c -fmessage-length=0 -o student.o "..\\student.c" 
..\student.c: In function 'Add_Student':
..\student.c:41:10: warning: format '%s' expects argument of type 'char *', but argument 2 has type 'char (*)[40]' [-Wformat=]
  scanf("%s",&PNewStudent->student.Full_name);
          ^
..\student.c:43:10: warning: format '%s' expects argument of type 'char *', but argument 2 has type 'char (*)[20]' [-Wformat=]
  scanf("%s",&lastName);
          ^
gcc -O0 -g3 -Wall -c -fmessage-length=0 -o main.o "..\\main.c" 
gcc -o Students_Data.exe main.o student.o 
Info: Nothing to build for Students_Data
10:17:20 **** Incremental Build of configuration Debug for project Students_Data ****
Info: Internal Builder is used for build
gcc -O0 -g3 -Wall -c -fmessage-length=0 -o student.o "..\\student.c" 
..\student.c: In function 'Add_Student':
..\student.c:41:10: warning: format '%s' expects argument of type 'char *', but argument 2 has type 'char (*)[40]' [-Wformat=]
  scanf("%s",&PNewStudent->student.Full_name);
          ^
..\student.c:43:10: warning: format '%s' expects argument of type 'char *', but argument 2 has type 'char (*)[20]' [-Wformat=]
  scanf("%s",&lastName);
          ^
gcc -O0 -g3 -Wall -c -fmessage-length=0 -o main.o "..\\main.c" 
gcc -o Students_Data.exe main.o student.o 
c:/mingw/bin/../lib/gcc/mingw32/6.3.0/../../../../mingw32/bin/ld.exe: cannot open output file Students_Data.exe: Permission denied
collect2.exe: error: ld returned 1 exit status
10:19:35 **** Incremental Build of configuration Debug for project Students_Data ****
Info: Internal Builder is used for build
gcc -O0 -g3 -Wall -c -fmessage-length=0 -o student.o "..\\student.c" 
..\student.c: In function 'Add_Student':
..\student.c:41:10: warning: format '%s' expects argument of type 'char *', but argument 2 has type 'char (*)[40]' [-Wformat=]
  scanf("%s",&PNewStudent->student.Full_name);
          ^
..\student.c:43:10: warning: format '%s' expects argument of type 'char *', but argument 2 has type 'char (*)[20]' [-Wformat=]
  scanf("%s",&lastName);
          ^
gcc -o Students_Data.exe main.o student.o 
Info: Nothing to build for Students_Data
10:22:48 **** Incremental Build of configuration Debug for project Students_Data ****
Info: Internal Builder is used for build
gcc -O0 -g3 -Wall -c -fmessage-length=0 -o student.o "..\\student.c" 
..\student.c: In function 'Add_Student':
..\student.c:41:10: warning: format '%s' expects argument of type 'char *', but argument 2 has type 'char (*)[40]' [-Wformat=]
  scanf("%s",&PNewStudent->student.Full_name);
          ^
..\student.c:43:10: warning: format '%s' expects argument of type 'char *', but argument 2 has type 'char (*)[20]' [-Wformat=]
  scanf("%s",&lastName);
          ^
gcc -o Students_Data.exe main.o student.o 
Info: Nothing to build for Students_Data
10:58:10 **** Incremental Build of configuration Debug for project Students_Data ****
Info: Internal Builder is used for build
gcc -O0 -g3 -Wall -c -fmessage-length=0 -o student.o "..\\student.c" 
..\student.c: In function 'Add_Student':
..\student.c:41:10: warning: format '%s' expects argument of type 'char *', but argument 2 has type 'char (*)[40]' [-Wformat=]
  scanf("%s",&PNewStudent->student.Full_name);
          ^
..\student.c:43:10: warning: format '%s' expects argument of type 'char *', but argument 2 has type 'char (*)[20]' [-Wformat=]
  scanf("%s",&lastName);
          ^
gcc -O0 -g3 -Wall -c -fmessage-length=0 -o main.o "..\\main.c" 
gcc -o Students_Data.exe main.o student.o 
Info: Nothing to build for Students_Data
11:01:03 **** Incremental Build of configuration Debug for project Students_Data ****
Info: Internal Builder is used for build
gcc -O0 -g3 -Wall -c -fmessage-length=0 -o main.o "..\\main.c" 
gcc -O0 -g3 -Wall -c -fmessage-length=0 -o student.o "..\\student.c" 
..\student.c: In function 'Add_Student':
..\student.c:41:10: warning: format '%s' expects argument of type 'char *', but argument 2 has type 'char (*)[40]' [-Wformat=]
  scanf("%s",&PNewStudent->student.Full_name);
          ^
..\student.c:43:10: warning: format '%s' expects argument of type 'char *', but argument 2 has type 'char (*)[20]' [-Wformat=]
  scanf("%s",&lastName);
          ^
gcc -o Students_Data.exe main.o student.o 
Info: Nothing to build for Students_Data
11:08:02 **** Incremental Build of configuration Debug for project Students_Data ****
Info: Internal Builder is used for build
gcc -O0 -g3 -Wall -c -fmessage-length=0 -o student.o "..\\student.c" 
..\student.c: In function 'Add_Student':
..\student.c:41:10: warning: format '%s' expects argument of type 'char *', but argument 2 has type 'char (*)[40]' [-Wformat=]
  scanf("%s",&PNewStudent->student.Full_name);
          ^
..\student.c:43:10: warning: format '%s' expects argument of type 'char *', but argument 2 has type 'char (*)[20]' [-Wformat=]
  scanf("%s",&lastName);
          ^
..\student.c: In function 'Get_Number_of_Records':
..\student.c:188:6: warning: unused variable 'count' [-Wunused-variable]
  int count=1;
      ^~~~~
gcc -O0 -g3 -Wall -c -fmessage-length=0 -o main.o "..\\main.c" 
In file included from ..\main.c:7:0:
..\main.c: In function 'main':
..\main.c:43:58: warning: passing argument 1 of 'Get_Number_of_Records' from incompatible pointer type [-Wincompatible-pointer-types]
    PRINT("Number of records: %d\n",Get_Number_of_Records(&PFirstStudent));
                                                          ^
..\student.h:18:25: note: in definition of macro 'PRINT'
                  printf(__VA_ARGS__);\
                         ^~~~~~~~~~~
..\student.h:50:5: note: expected 'struct SStudent *' but argument is of type 'struct SStudent **'
 int Get_Number_of_Records(struct SStudent* PHeadStudent);
     ^~~~~~~~~~~~~~~~~~~~~
gcc -o Students_Data.exe main.o student.o 
Info: Nothing to build for Students_Data
11:15:05 **** Incremental Build of configuration Debug for project Students_Data ****
Info: Internal Builder is used for build
gcc -O0 -g3 -Wall -c -fmessage-length=0 -o student.o "..\\student.c" 
..\student.c: In function 'Add_Student':
..\student.c:41:10: warning: format '%s' expects argument of type 'char *', but argument 2 has type 'char (*)[40]' [-Wformat=]
  scanf("%s",&PNewStudent->student.Full_name);
          ^
..\student.c:43:10: warning: format '%s' expects argument of type 'char *', but argument 2 has type 'char (*)[20]' [-Wformat=]
  scanf("%s",&lastName);
          ^
gcc -o Students_Data.exe main.o student.o 
Info: Nothing to build for Students_Data
11:22:38 **** Incremental Build of configuration Debug for project Students_Data ****
Info: Internal Builder is used for build
gcc -O0 -g3 -Wall -c -fmessage-length=0 -o student.o "..\\student.c" 
..\student.c: In function 'Add_Student':
..\student.c:41:10: warning: format '%s' expects argument of type 'char *', but argument 2 has type 'char (*)[40]' [-Wformat=]
  scanf("%s",&PNewStudent->student.Full_name);
          ^
..\student.c:43:10: warning: format '%s' expects argument of type 'char *', but argument 2 has type 'char (*)[20]' [-Wformat=]
  scanf("%s",&lastName);
          ^
gcc -o Students_Data.exe main.o student.o 
Info: Nothing to build for Students_Data
11:27:21 **** Incremental Build of configuration Debug for project Students_Data ****
Info: Internal Builder is used for build
gcc -O0 -g3 -Wall -c -fmessage-length=0 -o main.o "..\\main.c" 
gcc -O0 -g3 -Wall -c -fmessage-length=0 -o student.o "..\\student.c" 
..\student.c: In function 'Add_Student':
..\student.c:41:10: warning: format '%s' expects argument of type 'char *', but argument 2 has type 'char (*)[40]' [-Wformat=]
  scanf("%s",&PNewStudent->student.Full_name);
          ^
..\student.c:43:10: warning: format '%s' expects argument of type 'char *', but argument 2 has type 'char (*)[20]' [-Wformat=]
  scanf("%s",&lastName);
          ^
gcc -o Students_Data.exe main.o student.o 
Info: Nothing to build for Students_Data
08:48:52 **** Incremental Build of configuration Debug for project Students_Data ****
Info: Internal Builder is used for build
gcc -O0 -g3 -Wall -c -fmessage-length=0 -o main.o "..\\main.c" 
In file included from ..\main.c:7:0:
..\main.c: In function 'main':
..\main.c:46:48: warning: passing argument 1 of 'Get_Records' from incompatible pointer type [-Wincompatible-pointer-types]
    PRINT("Number of records: %d\n",Get_Records(&PFirstStudent));
                                                ^
..\student.h:18:25: note: in definition of macro 'PRINT'
                  printf(__VA_ARGS__);\
                         ^~~~~~~~~~~
..\student.h:51:5: note: expected 'struct SStudent *' but argument is of type 'struct SStudent **'
 int Get_Records(struct SStudent* PHeadStudent);
     ^~~~~~~~~~~
gcc -O0 -g3 -Wall -c -fmessage-length=0 -o student.o "..\\student.c" 
..\student.c: In function 'Add_Student':
..\student.c:41:10: warning: format '%s' expects argument of type 'char *', but argument 2 has type 'char (*)[40]' [-Wformat=]
  scanf("%s",&PNewStudent->student.Full_name);
          ^
..\student.c:43:10: warning: format '%s' expects argument of type 'char *', but argument 2 has type 'char (*)[20]' [-Wformat=]
  scanf("%s",&lastName);
          ^
gcc -o Students_Data.exe main.o student.o 
Info: Nothing to build for Students_Data
09:27:34 **** Incremental Build of configuration Debug for project Students_Data ****
Info: Internal Builder is used for build
gcc -O0 -g3 -Wall -c -fmessage-length=0 -o main.o "..\\main.c" 
gcc -O0 -g3 -Wall -c -fmessage-length=0 -o student.o "..\\student.c" 
..\student.c: In function 'Add_Student':
..\student.c:41:10: warning: format '%s' expects argument of type 'char *', but argument 2 has type 'char (*)[40]' [-Wformat=]
  scanf("%s",&PNewStudent->student.Full_name);
          ^
..\student.c:43:10: warning: format '%s' expects argument of type 'char *', but argument 2 has type 'char (*)[20]' [-Wformat=]
  scanf("%s",&lastName);
          ^
gcc -o Students_Data.exe main.o student.o 
Info: Nothing to build for Students_Data
11:27:27 **** Incremental Build of configuration Debug for project Students_Data ****
Info: Internal Builder is used for build
gcc -O0 -g3 -Wall -c -fmessage-length=0 -o main.o "..\\main.c" 
gcc -O0 -g3 -Wall -c -fmessage-length=0 -o student.o "..\\student.c" 
..\student.c: In function 'Add_Student':
..\student.c:41:10: warning: format '%s' expects argument of type 'char *', but argument 2 has type 'char (*)[40]' [-Wformat=]
  scanf("%s",&PNewStudent->student.Full_name);
          ^
..\student.c:43:10: warning: format '%s' expects argument of type 'char *', but argument 2 has type 'char (*)[20]' [-Wformat=]
  scanf("%s",&lastName);
          ^
gcc -o Students_Data.exe main.o student.o 
Info: Nothing to build for Students_Data
Info: Nothing to build for Students_Data
Info: Nothing to build for Students_Data
Info: Nothing to build for Students_Data
11:38:40 **** Incremental Build of configuration Debug for project Students_Data ****
Info: Internal Builder is used for build
gcc -O0 -g3 -Wall -c -fmessage-length=0 -o student.o "..\\student.c" 
..\student.c: In function 'Add_Student':
..\student.c:41:10: warning: format '%s' expects argument of type 'char *', but argument 2 has type 'char (*)[40]' [-Wformat=]
  scanf("%s",&PNewStudent->student.Full_name);
          ^
..\student.c:43:10: warning: format '%s' expects argument of type 'char *', but argument 2 has type 'char (*)[20]' [-Wformat=]
  scanf("%s",&lastName);
          ^
gcc -o Students_Data.exe main.o student.o 
Info: Nothing to build for Students_Data
11:40:46 **** Incremental Build of configuration Debug for project Students_Data ****
Info: Internal Builder is used for build
gcc -O0 -g3 -Wall -c -fmessage-length=0 -o student.o "..\\student.c" 
..\student.c: In function 'Add_Student':
..\student.c:41:10: warning: format '%s' expects argument of type 'char *', but argument 2 has type 'char (*)[40]' [-Wformat=]
  scanf("%s",&PNewStudent->student.Full_name);
          ^
..\student.c:43:10: warning: format '%s' expects argument of type 'char *', but argument 2 has type 'char (*)[20]' [-Wformat=]
  scanf("%s",&lastName);
          ^
gcc -o Students_Data.exe main.o student.o 
Info: Nothing to build for Students_Data
12:18:45 **** Incremental Build of configuration Debug for project Students_Data ****
Info: Internal Builder is used for build
gcc -O0 -g3 -Wall -c -fmessage-length=0 -o main.o "..\\main.c" 
gcc -O0 -g3 -Wall -c -fmessage-length=0 -o student.o "..\\student.c" 
..\student.c: In function 'Add_Student':
..\student.c:41:10: warning: format '%s' expects argument of type 'char *', but argument 2 has type 'char (*)[40]' [-Wformat=]
  scanf("%s",&PNewStudent->student.Full_name);
          ^
..\student.c:43:10: warning: format '%s' expects argument of type 'char *', but argument 2 has type 'char (*)[20]' [-Wformat=]
  scanf("%s",&lastName);
          ^
..\student.c: In function 'Reverse_Records':
..\student.c:279:18: error: incompatible types when assigning to type 'struct SStudent' from type 'struct SStudent *'
   *PFirstStudent = PPrevStudent;
                  ^
12:19:17 **** Incremental Build of configuration Debug for project Students_Data ****
Info: Internal Builder is used for build
gcc -O0 -g3 -Wall -c -fmessage-length=0 -o student.o "..\\student.c" 
..\student.c: In function 'Add_Student':
..\student.c:41:10: warning: format '%s' expects argument of type 'char *', but argument 2 has type 'char (*)[40]' [-Wformat=]
  scanf("%s",&PNewStudent->student.Full_name);
          ^
..\student.c:43:10: warning: format '%s' expects argument of type 'char *', but argument 2 has type 'char (*)[20]' [-Wformat=]
  scanf("%s",&lastName);
          ^
gcc -o Students_Data.exe main.o student.o 
Info: Nothing to build for Students_Data
12:47:58 **** Incremental Build of configuration Debug for project Students_Data ****
Info: Internal Builder is used for build
gcc -O0 -g3 -Wall -c -fmessage-length=0 -o student.o "..\\student.c" 
..\student.c: In function 'Add_Student':
..\student.c:41:10: warning: format '%s' expects argument of type 'char *', but argument 2 has type 'char (*)[40]' [-Wformat=]
  scanf("%s",&PNewStudent->student.Full_name);
          ^
..\student.c:43:10: warning: format '%s' expects argument of type 'char *', but argument 2 has type 'char (*)[20]' [-Wformat=]
  scanf("%s",&lastName);
          ^
gcc -o Students_Data.exe main.o student.o 
Info: Nothing to build for Students_Data
Info: Nothing to build for Students_Data
12:51:10 **** Incremental Build of configuration Debug for project Students_Data ****
Info: Internal Builder is used for build
gcc -O0 -g3 -Wall -c -fmessage-length=0 -o main.o "..\\main.c" 
gcc -o Students_Data.exe main.o student.o 
c:/mingw/bin/../lib/gcc/mingw32/6.3.0/../../../../mingw32/bin/ld.exe: cannot open output file Students_Data.exe: Permission denied
collect2.exe: error: ld returned 1 exit status
12:51:29 **** Incremental Build of configuration Debug for project Students_Data ****
Info: Internal Builder is used for build
gcc -o Students_Data.exe main.o student.o 
Info: Nothing to build for Students_Data
Info: Nothing to build for Students_Data
Info: Nothing to build for Students_Data
Info: Nothing to build for Students_Data
Info: Nothing to build for Students_Data
13:00:46 **** Incremental Build of configuration Debug for project Students_Data ****
Info: Internal Builder is used for build
gcc -O0 -g3 -Wall -c -fmessage-length=0 -o student.o "..\\student.c" 
..\student.c: In function 'Add_Student':
..\student.c:41:10: warning: format '%s' expects argument of type 'char *', but argument 2 has type 'char (*)[40]' [-Wformat=]
  scanf("%s",&PNewStudent->student.Full_name);
          ^
..\student.c:43:10: warning: format '%s' expects argument of type 'char *', but argument 2 has type 'char (*)[20]' [-Wformat=]
  scanf("%s",&lastName);
          ^
gcc -o Students_Data.exe main.o student.o 
Info: Nothing to build for Students_Data
Info: Nothing to build for Students_Data
13:06:36 **** Incremental Build of configuration Debug for project Students_Data ****
Info: Internal Builder is used for build
gcc -O0 -g3 -Wall -c -fmessage-length=0 -o main.o "..\\main.c" 
gcc -o Students_Data.exe main.o student.o 
c:/mingw/bin/../lib/gcc/mingw32/6.3.0/../../../../mingw32/bin/ld.exe: cannot open output file Students_Data.exe: Permission denied
collect2.exe: error: ld returned 1 exit status
13:14:01 **** Incremental Build of configuration Debug for project Students_Data ****
Info: Internal Builder is used for build
gcc -O0 -g3 -Wall -c -fmessage-length=0 -o student.o "..\\student.c" 
..\student.c: In function 'Add_Student':
..\student.c:41:10: warning: format '%s' expects argument of type 'char *', but argument 2 has type 'char (*)[40]' [-Wformat=]
  scanf("%s",&PNewStudent->student.Full_name);
          ^
..\student.c:43:10: warning: format '%s' expects argument of type 'char *', but argument 2 has type 'char (*)[20]' [-Wformat=]
  scanf("%s",&lastName);
          ^
gcc -o Students_Data.exe main.o student.o 
Info: Nothing to build for Students_Data
13:33:32 **** Incremental Build of configuration Debug for project Students_Data ****
Info: Internal Builder is used for build
gcc -O0 -g3 -Wall -c -fmessage-length=0 -o student.o "..\\student.c" 
..\student.c: In function 'Add_Student':
..\student.c:41:10: warning: format '%s' expects argument of type 'char *', but argument 2 has type 'char (*)[40]' [-Wformat=]
  scanf("%s",&PNewStudent->student.Full_name);
          ^
..\student.c:43:10: warning: format '%s' expects argument of type 'char *', but argument 2 has type 'char (*)[20]' [-Wformat=]
  scanf("%s",&lastName);
          ^
gcc -o Students_Data.exe main.o student.o 
Info: Nothing to build for Students_Data
13:43:29 **** Incremental Build of configuration Debug for project Students_Data ****
Info: Internal Builder is used for build
gcc -O0 -g3 -Wall -c -fmessage-length=0 -o main.o "..\\main.c" 
In file included from ..\main.c:7:0:
..\main.c: In function 'main':
..\main.c:58:60: error: 'PFirstStudent' undeclared (first use in this function)
    PRINT("Number of records: %d\n",Get_Number_of_Records_R(PFirstStudent));
                                                            ^
..\student.h:18:25: note: in definition of macro 'PRINT'
                  printf(__VA_ARGS__);\
                         ^~~~~~~~~~~
..\main.c:58:60: note: each undeclared identifier is reported only once for each function it appears in
    PRINT("Number of records: %d\n",Get_Number_of_Records_R(PFirstStudent));
                                                            ^
..\student.h:18:25: note: in definition of macro 'PRINT'
                  printf(__VA_ARGS__);\
                         ^~~~~~~~~~~
13:44:16 **** Incremental Build of configuration Debug for project Students_Data ****
Info: Internal Builder is used for build
gcc -O0 -g3 -Wall -c -fmessage-length=0 -o main.o "..\\main.c" 
gcc -O0 -g3 -Wall -c -fmessage-length=0 -o student.o "..\\student.c" 
..\student.c: In function 'Add_Student':
..\student.c:41:10: warning: format '%s' expects argument of type 'char *', but argument 2 has type 'char (*)[40]' [-Wformat=]
  scanf("%s",&PNewStudent->student.Full_name);
          ^
..\student.c:43:10: warning: format '%s' expects argument of type 'char *', but argument 2 has type 'char (*)[20]' [-Wformat=]
  scanf("%s",&lastName);
          ^
gcc -o Students_Data.exe main.o student.o 
Info: Nothing to build for Students_Data
Info: Nothing to build for Students_Data
Info: Nothing to build for Students_Data
14:05:39 **** Incremental Build of configuration Debug for project Students_Data ****
Info: Internal Builder is used for build
gcc -O0 -g3 -Wall -c -fmessage-length=0 -o main.o "..\\main.c" 
gcc -O0 -g3 -Wall -c -fmessage-length=0 -o student.o "..\\student.c" 
..\student.c: In function 'Add_Student':
..\student.c:41:10: warning: format '%s' expects argument of type 'char *', but argument 2 has type 'char (*)[40]' [-Wformat=]
  scanf("%s",&PNewStudent->student.Full_name);
          ^
..\student.c:43:10: warning: format '%s' expects argument of type 'char *', but argument 2 has type 'char (*)[20]' [-Wformat=]
  scanf("%s",&lastName);
          ^
gcc -o Students_Data.exe main.o student.o 
Info: Nothing to build for Students_Data
Info: Nothing to build for Students_Data
14:14:57 **** Incremental Build of configuration Debug for project Students_Data ****
Info: Internal Builder is used for build
gcc -O0 -g3 -Wall -c -fmessage-length=0 -o student.o "..\\student.c" 
..\student.c: In function 'Add_Student':
..\student.c:41:10: warning: format '%s' expects argument of type 'char *', but argument 2 has type 'char (*)[40]' [-Wformat=]
  scanf("%s",&PNewStudent->student.Full_name);
          ^
..\student.c:43:10: warning: format '%s' expects argument of type 'char *', but argument 2 has type 'char (*)[20]' [-Wformat=]
  scanf("%s",&lastName);
          ^
gcc -o Students_Data.exe main.o student.o 
c:/mingw/bin/../lib/gcc/mingw32/6.3.0/../../../../mingw32/bin/ld.exe: cannot open output file Students_Data.exe: Permission denied
collect2.exe: error: ld returned 1 exit status
14:16:45 **** Incremental Build of configuration Debug for project Students_Data ****
Info: Internal Builder is used for build
gcc -O0 -g3 -Wall -c -fmessage-length=0 -o student.o "..\\student.c" 
..\student.c: In function 'Add_Student':
..\student.c:41:10: warning: format '%s' expects argument of type 'char *', but argument 2 has type 'char (*)[40]' [-Wformat=]
  scanf("%s",&PNewStudent->student.Full_name);
          ^
..\student.c:43:10: warning: format '%s' expects argument of type 'char *', but argument 2 has type 'char (*)[20]' [-Wformat=]
  scanf("%s",&lastName);
          ^
gcc -o Students_Data.exe main.o student.o 
Info: Nothing to build for Students_Data
14:19:43 **** Incremental Build of configuration Debug for project Students_Data ****
Info: Internal Builder is used for build
gcc -O0 -g3 -Wall -c -fmessage-length=0 -o student.o "..\\student.c" 
..\student.c: In function 'Add_Student':
..\student.c:41:10: warning: format '%s' expects argument of type 'char *', but argument 2 has type 'char (*)[40]' [-Wformat=]
  scanf("%s",&PNewStudent->student.Full_name);
          ^
..\student.c:43:10: warning: format '%s' expects argument of type 'char *', but argument 2 has type 'char (*)[20]' [-Wformat=]
  scanf("%s",&lastName);
          ^
gcc -o Students_Data.exe main.o student.o 
Info: Nothing to build for Students_Data
14:21:56 **** Incremental Build of configuration Debug for project Students_Data ****
Info: Internal Builder is used for build
gcc -O0 -g3 -Wall -c -fmessage-length=0 -o student.o "..\\student.c" 
..\student.c: In function 'Add_Student':
..\student.c:41:10: warning: format '%s' expects argument of type 'char *', but argument 2 has type 'char (*)[40]' [-Wformat=]
  scanf("%s",&PNewStudent->student.Full_name);
          ^
..\student.c:43:10: warning: format '%s' expects argument of type 'char *', but argument 2 has type 'char (*)[20]' [-Wformat=]
  scanf("%s",&lastName);
          ^
gcc -o Students_Data.exe main.o student.o 
Info: Nothing to build for Students_Data
Info: Nothing to build for Students_Data
Info: Nothing to build for Students_Data
Info: Nothing to build for Students_Data
Info: Nothing to build for Students_Data
